<?xml version="1.0" encoding="UTF-8"?>
<!-- Generated by org.testng.reporters.JUnitReportReporter -->
<testsuite hostname="Shraddhas-MacBook-Pro.local" failures="0" tests="4" name="SeleniumBrushup.GroupTestcase" time="0.013" errors="0" timestamp="2025-07-01T14:32:35 IST" skipped="0">
  <testcase classname="SeleniumBrushup.GroupTestcase" name="test2" time="0.001"/>
  <testcase classname="SeleniumBrushup.GroupTestcase" name="test3" time="0.001"/>
  <testcase classname="SeleniumBrushup.GroupTestcase" name="test4" time="0.001"/>
  <testcase classname="SeleniumBrushup.GroupTestcase" name="test1" time="0.010"/>
</testsuite> <!-- SeleniumBrushup.GroupTestcase -->
