<?xml version="1.0" encoding="UTF-8"?>
<!-- Generated by org.testng.reporters.JUnitReportReporter -->
<testsuite hostname="Shraddhas-MacBook-Pro.local" failures="0" tests="1" name="SleniumBrushup.Launchbrowser" time="5.470" errors="0" timestamp="2025-06-30T18:29:27 IST" skipped="0">
  <testcase classname="SleniumBrushup.Launchbrowser" name="HandleActionclass" time="5.470"/>
</testsuite> <!-- SleniumBrushup.Launchbrowser -->
