<?xml version="1.0" encoding="UTF-8"?>
<!-- Generated by org.testng.reporters.JUnitReportReporter -->
<testsuite hostname="Shraddhas-MacBook-Pro.local" failures="0" tests="2" name="launchdriver.Launchbrowser" time="11.824" errors="0" timestamp="2025-06-29T10:47:10 IST" skipped="0">
  <testcase classname="launchdriver.Launchbrowser" name="launchBrowser" time="6.288"/>
  <testcase classname="launchdriver.Launchbrowser" name="handleAuthPOpup" time="5.536"/>
</testsuite> <!-- launchdriver.Launchbrowser -->
