<?xml version="1.0" encoding="UTF-8"?>
<!-- Generated by org.testng.reporters.JUnitReportReporter -->
<testsuite hostname="Shraddhas-MacBook-Pro.local" failures="0" tests="3" name="SeleniumBrushup.Launchbrowser" time="16.735" errors="0" timestamp="2025-07-01T14:56:22 IST" skipped="0">
  <testcase classname="SeleniumBrushup.Launchbrowser" name="HandleActionclass" time="7.160"/>
  <testcase classname="SeleniumBrushup.Launchbrowser" name="HandleActionclass" time="4.689"/>
  <testcase classname="SeleniumBrushup.Launchbrowser" name="HandleActionclass" time="4.886"/>
</testsuite> <!-- SeleniumBrushup.Launchbrowser -->
