<?xml version="1.0" encoding="UTF-8"?>
<!-- Generated by org.testng.reporters.JUnitReportReporter -->
<testsuite hostname="Shraddhas-MacBook-Pro.local" failures="0" tests="3" name="SeleniumBrushup.ParallelTesting" time="48.643" errors="0" timestamp="2025-07-01T15:12:45 IST" skipped="0">
  <testcase classname="SeleniumBrushup.ParallelTesting" name="HandleActionclass" time="15.370"/>
  <testcase classname="SeleniumBrushup.ParallelTesting" name="HandleActionclass" time="10.440"/>
  <testcase classname="SeleniumBrushup.ParallelTesting" name="HandleActionclass" time="22.833"/>
</testsuite> <!-- SeleniumBrushup.ParallelTesting -->
